# JRE version: OpenJDK Runtime Environment (11.0.7+10) (build 11.0.7+10-post-Ubuntu-3ubuntu1)
# Java VM: OpenJDK 64-Bit Server VM (11.0.7+10-post-Ubuntu-3ubuntu1, mixed mode, sharing, tiered, compressed oops, g1 gc, linux-amd64)
Heap:
 garbage-first heap   total 264192K, used 151178K [0x00000000e0000000, 0x0000000100000000)
  region size 1024K, 13 young (13312K), 2 survivors (2048K)
 Metaspace       used 82718K, capacity 86052K, committed 87292K, reserved 329728K
  class space    used 10602K, capacity 11802K, committed 12204K, reserved 253952K
GC Heap History (20 events):
Event: 49,598 GC heap after
{Heap after GC invocations=16 (full 0):
 garbage-first heap   total 264192K, used 105667K [0x00000000e0000000, 0x0000000100000000)
  region size 1024K, 13 young (13312K), 13 survivors (13312K)
 Metaspace       used 73624K, capacity 76980K, committed 77212K, reserved 321536K
  class space    used 9819K, capacity 11008K, committed 11084K, reserved 253952K
}
Event: 51,041 GC heap before
{Heap before GC invocations=16 (full 0):
 garbage-first heap   total 264192K, used 156867K [0x00000000e0000000, 0x0000000100000000)
  region size 1024K, 64 young (65536K), 13 survivors (13312K)
 Metaspace       used 74595K, capacity 77983K, committed 78108K, reserved 321536K
  class space    used 9941K, capacity 11144K, committed 11212K, reserved 253952K
}
Event: 51,179 GC heap after
{Heap after GC invocations=17 (full 0):
 garbage-first heap   total 264192K, used 120003K [0x00000000e0000000, 0x0000000100000000)
  region size 1024K, 13 young (13312K), 13 survivors (13312K)
 Metaspace       used 74595K, capacity 77983K, committed 78108K, reserved 321536K
  class space    used 9941K, capacity 11144K, committed 11212K, reserved 253952K
}
Event: 54,161 GC heap before
{Heap before GC invocations=18 (full 0):
 garbage-first heap   total 264192K, used 187587K [0x00000000e0000000, 0x0000000100000000)
  region size 1024K, 80 young (81920K), 13 survivors (13312K)
 Metaspace       used 75912K, capacity 79407K, committed 79612K, reserved 323584K
  class space    used 10132K, capacity 11384K, committed 11436K, reserved 253952K
}
Event: 54,222 GC heap after
{Heap after GC invocations=19 (full 0):
 garbage-first heap   total 264192K, used 122563K [0x00000000e0000000, 0x0000000100000000)
  region size 1024K, 5 young (5120K), 5 survivors (5120K)
 Metaspace       used 75912K, capacity 79407K, committed 79612K, reserved 323584K
  class space    used 10132K, capacity 11384K, committed 11436K, reserved 253952K
}
Event: 56,160 GC heap before
{Heap before GC invocations=20 (full 0):
 garbage-first heap   total 264192K, used 192195K [0x00000000e0000000, 0x0000000100000000)
  region size 1024K, 74 young (75776K), 5 survivors (5120K)
 Metaspace       used 76760K, capacity 80273K, committed 80508K, reserved 323584K
  class space    used 10231K, capacity 11505K, committed 11564K, reserved 253952K
}
Event: 56,197 GC heap after
{Heap after GC invocations=21 (full 0):
 garbage-first heap   total 264192K, used 125739K [0x00000000e0000000, 0x0000000100000000)
  region size 1024K, 8 young (8192K), 8 survivors (8192K)
 Metaspace       used 76760K, capacity 80273K, committed 80508K, reserved 323584K
  class space    used 10231K, capacity 11505K, committed 11564K, reserved 253952K
}
Event: 58,640 GC heap before
{Heap before GC invocations=21 (full 0):
 garbage-first heap   total 264192K, used 197419K [0x00000000e0000000, 0x0000000100000000)
  region size 1024K, 79 young (80896K), 8 survivors (8192K)
 Metaspace       used 77180K, capacity 80795K, committed 81020K, reserved 323584K
  class space    used 10264K, capacity 11560K, committed 11564K, reserved 253952K
}
Event: 58,691 GC heap after
{Heap after GC invocations=22 (full 0):
 garbage-first heap   total 264192K, used 129545K [0x00000000e0000000, 0x0000000100000000)
  region size 1024K, 8 young (8192K), 8 survivors (8192K)
 Metaspace       used 77180K, capacity 80795K, committed 81020K, reserved 323584K
  class space    used 10264K, capacity 11560K, committed 11564K, reserved 253952K
}
Event: 60,123 GC heap before
{Heap before GC invocations=23 (full 0):
 garbage-first heap   total 264192K, used 193033K [0x00000000e0000000, 0x0000000100000000)
  region size 1024K, 71 young (72704K), 8 survivors (8192K)
 Metaspace       used 77390K, capacity 80974K, committed 81148K, reserved 323584K
  class space    used 10279K, capacity 11593K, committed 11692K, reserved 253952K
}
Event: 60,215 GC heap after
{Heap after GC invocations=24 (full 0):
 garbage-first heap   total 264192K, used 133807K [0x00000000e0000000, 0x0000000100000000)
  region size 1024K, 8 young (8192K), 8 survivors (8192K)
 Metaspace       used 77390K, capacity 80974K, committed 81148K, reserved 323584K
  class space    used 10279K, capacity 11593K, committed 11692K, reserved 253952K
}
Event: 61,428 GC heap before
{Heap before GC invocations=24 (full 0):
 garbage-first heap   total 264192K, used 207535K [0x00000000e0000000, 0x0000000100000000)
  region size 1024K, 80 young (81920K), 8 survivors (8192K)
 Metaspace       used 77496K, capacity 81103K, committed 81404K, reserved 325632K
  class space    used 10279K, capacity 11589K, committed 11692K, reserved 253952K
}
Event: 61,475 GC heap after
{Heap after GC invocations=25 (full 0):
 garbage-first heap   total 264192K, used 136266K [0x00000000e0000000, 0x0000000100000000)
  region size 1024K, 7 young (7168K), 7 survivors (7168K)
 Metaspace       used 77496K, capacity 81103K, committed 81404K, reserved 325632K
  class space    used 10279K, capacity 11589K, committed 11692K, reserved 253952K
}
Event: 363,537 GC heap before
{Heap before GC invocations=26 (full 0):
 garbage-first heap   total 264192K, used 211018K [0x00000000e0000000, 0x0000000100000000)
  region size 1024K, 80 young (81920K), 7 survivors (7168K)
 Metaspace       used 82988K, capacity 86687K, committed 87036K, reserved 329728K
  class space    used 10746K, capacity 12076K, committed 12204K, reserved 253952K
}
Event: 363,565 GC heap after
{Heap after GC invocations=27 (full 0):
 garbage-first heap   total 264192K, used 138948K [0x00000000e0000000, 0x0000000100000000)
  region size 1024K, 6 young (6144K), 6 survivors (6144K)
 Metaspace       used 82988K, capacity 86687K, committed 87036K, reserved 329728K
  class space    used 10746K, capacity 12076K, committed 12204K, reserved 253952K
}
Event: 3754,884 GC heap before
{Heap before GC invocations=27 (full 0):
 garbage-first heap   total 264192K, used 212676K [0x00000000e0000000, 0x0000000100000000)
  region size 1024K, 79 young (80896K), 6 survivors (6144K)
 Metaspace       used 83163K, capacity 86817K, committed 87292K, reserved 329728K
  class space    used 10747K, capacity 12077K, committed 12204K, reserved 253952K
}
Event: 3755,452 GC heap after
{Heap after GC invocations=28 (full 0):
 garbage-first heap   total 264192K, used 139279K [0x00000000e0000000, 0x0000000100000000)
  region size 1024K, 3 young (3072K), 3 survivors (3072K)
 Metaspace       used 83163K, capacity 86817K, committed 87292K, reserved 329728K
  class space    used 10747K, capacity 12077K, committed 12204K, reserved 253952K
}
Event: 4172,793 GC heap before
{Heap before GC invocations=29 (full 0):
 garbage-first heap   total 264192K, used 147471K [0x00000000e0000000, 0x0000000100000000)
  region size 1024K, 12 young (12288K), 3 survivors (3072K)
 Metaspace       used 82653K, capacity 85982K, committed 87292K, reserved 329728K
  class space    used 10587K, capacity 11779K, committed 12204K, reserved 253952K
}
Event: 4172,824 GC heap after
{Heap after GC invocations=30 (full 0):
 garbage-first heap   total 264192K, used 139914K [0x00000000e0000000, 0x0000000100000000)
  region size 1024K, 1 young (1024K), 1 survivors (1024K)
 Metaspace       used 82653K, capacity 85982K, committed 87292K, reserved 329728K
  class space    used 10587K, capacity 11779K, committed 12204K, reserved 253952K
}
Event: 4401,211 GC heap before
{Heap before GC invocations=30 (full 0):
 garbage-first heap   total 264192K, used 151178K [0x00000000e0000000, 0x0000000100000000)
  region size 1024K, 12 young (12288K), 1 survivors (1024K)
 Metaspace       used 82718K, capacity 86052K, committed 87292K, reserved 329728K
  class space    used 10602K, capacity 11802K, committed 12204K, reserved 253952K
}

